c:\users\akbarjon azatjonov\desktop\course\course\debug\vc142.pdb
c:\users\akbarjon azatjonov\desktop\course\course\debug\vc142.idb
c:\users\akbarjon azatjonov\desktop\course\course\debug\stroka_id.obj
c:\users\akbarjon azatjonov\desktop\course\course\debug\stroka_dec.obj
c:\users\akbarjon azatjonov\desktop\course\course\debug\stroka.obj
c:\users\akbarjon azatjonov\desktop\course\course\debug\course.obj
c:\users\akbarjon azatjonov\desktop\course\course\debug\console_interface.obj
c:\users\akbarjon azatjonov\desktop\course\course\debug\interactive_mode.obj
c:\users\akbarjon azatjonov\desktop\course\debug\course.exe
c:\users\akbarjon azatjonov\desktop\course\debug\course.ilk
c:\users\akbarjon azatjonov\desktop\course\debug\course.pdb
c:\users\akbarjon azatjonov\desktop\course\course\debug\akbarjon.obj
c:\users\akbarjon azatjonov\desktop\course\course\debug\akbarjon2.obj
c:\users\akbarjon azatjonov\desktop\course\course\debug\course.tlog\cl.command.1.tlog
c:\users\akbarjon azatjonov\desktop\course\course\debug\course.tlog\cl.read.1.tlog
c:\users\akbarjon azatjonov\desktop\course\course\debug\course.tlog\cl.write.1.tlog
c:\users\akbarjon azatjonov\desktop\course\course\debug\course.tlog\link.command.1.tlog
c:\users\akbarjon azatjonov\desktop\course\course\debug\course.tlog\link.read.1.tlog
c:\users\akbarjon azatjonov\desktop\course\course\debug\course.tlog\link.write.1.tlog
c:\users\akbarjon azatjonov\desktop\course\course\debug\course.tlog\masm.read.1u.tlog
c:\users\akbarjon azatjonov\desktop\course\course\debug\course.tlog\masm.write.1u.tlog
